# JRE version: Java(TM) SE Runtime Environment (8.0_25-b18) (build 1.8.0_25-b18)
# Java VM: Java HotSpot(TM) Client VM (25.25-b02 mixed mode, sharing windows-x86 )
Heap:
 def new generation   total 4928K, used 324K [0x03c00000, 0x04150000, 0x09150000)
  eden space 4416K,   4% used [0x03c00000, 0x03c2c2c8, 0x04050000)
  from space 512K,  28% used [0x04050000, 0x04074e00, 0x040d0000)
  to   space 512K,   0% used [0x040d0000, 0x040d0000, 0x04150000)
 tenured generation   total 10944K, used 4185K [0x09150000, 0x09c00000, 0x13c00000)
   the space 10944K,  38% used [0x09150000, 0x095667d8, 0x09566800, 0x09c00000)
 Metaspace       used 2718K, capacity 3651K, committed 3776K, reserved 4480K
GC Heap History (10 events):
Event: 8.426 GC heap before
{Heap before GC invocations=1 (full 0):
 def new generation   total 4928K, used 4928K [0x03c00000, 0x04150000, 0x09150000)
  eden space 4416K, 100% used [0x03c00000, 0x04050000, 0x04050000)
  from space 512K, 100% used [0x040d0000, 0x04150000, 0x04150000)
  to   space 512K,   0% used [0x04050000, 0x04050000, 0x040d0000)
 tenured generation   total 10944K, used 399K [0x09150000, 0x09c00000, 0x13c00000)
   the space 10944K,   3% used [0x09150000, 0x091b3f60, 0x091b4000, 0x09c00000)
 Metaspace       used 1305K, capacity 2428K, committed 2496K, reserved 4480K
Event: 8.448 GC heap after
Heap after GC invocations=2 (full 0):
 def new generation   total 4928K, used 512K [0x03c00000, 0x04150000, 0x09150000)
  eden space 4416K,   0% used [0x03c00000, 0x03c00000, 0x04050000)
  from space 512K, 100% used [0x04050000, 0x040d0000, 0x040d0000)
  to   space 512K,   0% used [0x040d0000, 0x040d0000, 0x04150000)
 tenured generation   total 10944K, used 1511K [0x09150000, 0x09c00000, 0x13c00000)
   the space 10944K,  13% used [0x09150000, 0x092c9c18, 0x092c9e00, 0x09c00000)
 Metaspace       used 1305K, capacity 2428K, committed 2496K, reserved 4480K
}
Event: 9.986 GC heap before
{Heap before GC invocations=2 (full 0):
 def new generation   total 4928K, used 4928K [0x03c00000, 0x04150000, 0x09150000)
  eden space 4416K, 100% used [0x03c00000, 0x04050000, 0x04050000)
  from space 512K, 100% used [0x04050000, 0x040d0000, 0x040d0000)
  to   space 512K,   0% used [0x040d0000, 0x040d0000, 0x04150000)
 tenured generation   total 10944K, used 1511K [0x09150000, 0x09c00000, 0x13c00000)
   the space 10944K,  13% used [0x09150000, 0x092c9c18, 0x092c9e00, 0x09c00000)
 Metaspace       used 2049K, capacity 3041K, committed 3136K, reserved 4480K
Event: 10.001 GC heap after
Heap after GC invocations=3 (full 0):
 def new generation   total 4928K, used 512K [0x03c00000, 0x04150000, 0x09150000)
  eden space 4416K,   0% used [0x03c00000, 0x03c00000, 0x04050000)
  from space 512K, 100% used [0x040d0000, 0x04150000, 0x04150000)
  to   space 512K,   0% used [0x04050000, 0x04050000, 0x040d0000)
 tenured generation   total 10944K, used 2306K [0x09150000, 0x09c00000, 0x13c00000)
   the space 10944K,  21% used [0x09150000, 0x093909c8, 0x09390a00, 0x09c00000)
 Metaspace       used 2049K, capacity 3041K, committed 3136K, reserved 4480K
}
Event: 10.511 GC heap before
{Heap before GC invocations=3 (full 0):
 def new generation   total 4928K, used 4928K [0x03c00000, 0x04150000, 0x09150000)
  eden space 4416K, 100% used [0x03c00000, 0x04050000, 0x04050000)
  from space 512K, 100% used [0x040d0000, 0x04150000, 0x04150000)
  to   space 512K,   0% used [0x04050000, 0x04050000, 0x040d0000)
 tenured generation   total 10944K, used 2306K [0x09150000, 0x09c00000, 0x13c00000)
   the space 10944K,  21% used [0x09150000, 0x093909c8, 0x09390a00, 0x09c00000)
 Metaspace       used 2558K, capacity 3521K, committed 3648K, reserved 4480K
Event: 10.520 GC heap after
Heap after GC invocations=4 (full 0):
 def new generation   total 4928K, used 492K [0x03c00000, 0x04150000, 0x09150000)
  eden space 4416K,   0% used [0x03c00000, 0x03c00000, 0x04050000)
  from space 512K,  96% used [0x04050000, 0x040cb0f8, 0x040d0000)
  to   space 512K,   0% used [0x040d0000, 0x040d0000, 0x04150000)
 tenured generation   total 10944K, used 2655K [0x09150000, 0x09c00000, 0x13c00000)
   the space 10944K,  24% used [0x09150000, 0x093e7fe8, 0x093e8000, 0x09c00000)
 Metaspace       used 2558K, capacity 3521K, committed 3648K, reserved 4480K
}
Event: 11.409 GC heap before
{Heap before GC invocations=4 (full 0):
 def new generation   total 4928K, used 4573K [0x03c00000, 0x04150000, 0x09150000)
  eden space 4416K,  92% used [0x03c00000, 0x03ffc538, 0x04050000)
  from space 512K,  96% used [0x04050000, 0x040cb0f8, 0x040d0000)
  to   space 512K,   0% used [0x040d0000, 0x040d0000, 0x04150000)
 tenured generation   total 10944K, used 2655K [0x09150000, 0x09c00000, 0x13c00000)
   the space 10944K,  24% used [0x09150000, 0x093e7fe8, 0x093e8000, 0x09c00000)
 Metaspace       used 2666K, capacity 3619K, committed 3648K, reserved 4480K
Event: 11.427 GC heap after
Heap after GC invocations=5 (full 0):
 def new generation   total 4928K, used 512K [0x03c00000, 0x04150000, 0x09150000)
  eden space 4416K,   0% used [0x03c00000, 0x03c00000, 0x04050000)
  from space 512K, 100% used [0x040d0000, 0x04150000, 0x04150000)
  to   space 512K,   0% used [0x04050000, 0x04050000, 0x040d0000)
 tenured generation   total 10944K, used 3175K [0x09150000, 0x09c00000, 0x13c00000)
   the space 10944K,  29% used [0x09150000, 0x09469e00, 0x09469e00, 0x09c00000)
 Metaspace       used 2666K, capacity 3619K, committed 3648K, reserved 4480K
}
Event: 13.956 GC heap before
{Heap before GC invocations=5 (full 0):
 def new generation   total 4928K, used 4928K [0x03c00000, 0x04150000, 0x09150000)
  eden space 4416K, 100% used [0x03c00000, 0x04050000, 0x04050000)
  from space 512K, 100% used [0x040d0000, 0x04150000, 0x04150000)
  to   space 512K,   0% used [0x04050000, 0x04050000, 0x040d0000)
 tenured generation   total 10944K, used 3175K [0x09150000, 0x09c00000, 0x13c00000)
   the space 10944K,  29% used [0x09150000, 0x09469e00, 0x09469e00, 0x09c00000)
 Metaspace       used 2718K, capacity 3651K, committed 3776K, reserved 4480K
Event: 13.966 GC heap after
Heap after GC invocations=6 (full 0):
 def new generation   total 4928K, used 147K [0x03c00000, 0x04150000, 0x09150000)
  eden space 4416K,   0% used [0x03c00000, 0x03c00000, 0x04050000)
  from space 512K,  28% used [0x04050000, 0x04074e00, 0x040d0000)
  to   space 512K,   0% used [0x040d0000, 0x040d0000, 0x04150000)
 tenured generation   total 10944K, used 4185K [0x09150000, 0x09c00000, 0x13c00000)
   the space 10944K,  38% used [0x09150000, 0x095667d8, 0x09566800, 0x09c00000)
 Metaspace       used 2718K, capacity 3651K, committed 3776K, reserved 4480K
}

